<?xml version="1.0" encoding="UTF-8"?>
<!-- Generated by org.testng.reporters.JUnitReportReporter -->
<testsuite hostname="DESKTOP-RA23R49" failures="0" tests="1" name="lesson24.HardAsserDemo" time="9.076" errors="0" timestamp="2022-01-27T08:05:46 EST" skipped="0">
  <testcase classname="lesson24.HardAsserDemo" name="testHardAssert" time="9.076"/>
  <system-out/>
</testsuite> <!-- lesson24.HardAsserDemo -->
