<?xml version="1.0" encoding="UTF-8"?>
<!-- Generated by org.testng.reporters.JUnitReportReporter -->
<testsuite hostname="DESKTOP-RA23R49" failures="0" tests="1" name="test2.demo2Test" time="0.004" errors="0" timestamp="2022-01-12T10:19:17 EST" skipped="0">
  <testcase classname="test2.demo2Test" name="testX" time="0.004"/>
  <system-out/>
</testsuite> <!-- test2.demo2Test -->
