<?xml version="1.0" encoding="UTF-8"?>
<!-- Generated by org.testng.reporters.JUnitReportReporter -->
<testsuite hostname="DESKTOP-RA23R49" failures="0" tests="1" name="test1.DemoTest" time="0.004" errors="0" timestamp="2022-01-12T10:28:00 EST" skipped="0">
  <testcase classname="test1.DemoTest" name="testA" time="0.004"/>
  <system-out/>
</testsuite> <!-- test1.DemoTest -->
