<?xml version="1.0" encoding="UTF-8"?>
<!-- Generated by org.testng.reporters.JUnitReportReporter -->
<testsuite hostname="DESKTOP-RA23R49" failures="0" tests="1" name="lesson23.CrossBrowserTesting" time="3.600" errors="0" timestamp="2022-01-27T06:25:25 EST" skipped="0">
  <testcase classname="lesson23.CrossBrowserTesting" name="test" time="3.600"/>
  <system-out/>
</testsuite> <!-- lesson23.CrossBrowserTesting -->
