<?xml version="1.0" encoding="UTF-8"?>
<!-- Generated by org.testng.reporters.JUnitReportReporter -->
<testsuite hostname="DESKTOP-RA23R49" failures="0" tests="1" name="test3.Demo3Test" time="0.005" errors="0" timestamp="2022-01-17T02:05:13 EST" skipped="0">
  <testcase classname="test3.Demo3Test" name="testZ" time="0.005"/>
  <system-out/>
</testsuite> <!-- test3.Demo3Test -->
