<?xml version="1.0" encoding="UTF-8"?>
<!-- Generated by org.testng.reporters.JUnitReportReporter -->
<testsuite hostname="DESKTOP-RA23R49" failures="0" tests="3" name="test2.demo2Test" time="0.003" errors="0" timestamp="2022-01-17T01:41:46 EST" skipped="0">
  <testcase classname="test2.demo2Test" name="testY" time="0.000"/>
  <system-out/>
  <testcase classname="test2.demo2Test" name="testZ" time="0.000"/>
  <system-out/>
  <testcase classname="test2.demo2Test" name="testX" time="0.003"/>
  <system-out/>
</testsuite> <!-- test2.demo2Test -->
