<?xml version="1.0" encoding="UTF-8"?>
<!-- Generated by org.testng.reporters.JUnitReportReporter -->
<testsuite hostname="DESKTOP-RA23R49" failures="0" tests="3" name="test1.DemoTest" time="0.002" errors="0" timestamp="2022-01-17T02:40:52 EST" skipped="0">
  <testcase classname="test1.DemoTest" name="testA" time="0.002"/>
  <system-out/>
  <testcase classname="test1.DemoTest" name="testB" time="0.000"/>
  <system-out/>
  <testcase classname="test1.DemoTest" name="testC" time="0.000"/>
  <system-out/>
</testsuite> <!-- test1.DemoTest -->
