<?xml version="1.0" encoding="UTF-8"?>
<!-- Generated by org.testng.reporters.JUnitReportReporter -->
<testsuite hostname="DESKTOP-RA23R49" failures="0" tests="3" name="test3.DemoTest3" time="0.000" errors="0" timestamp="2022-01-17T02:40:52 EST" skipped="0">
  <testcase classname="test3.DemoTest3" name="testH" time="0.000"/>
  <system-out/>
  <testcase classname="test3.DemoTest3" name="testG" time="0.000"/>
  <system-out/>
  <testcase classname="test3.DemoTest3" name="testF" time="0.000"/>
  <system-out/>
</testsuite> <!-- test3.DemoTest3 -->
