<?xml version="1.0" encoding="UTF-8"?>
<!-- Generated by org.testng.reporters.JUnitReportReporter -->
<testsuite hostname="DESKTOP-RA23R49" failures="0" tests="3" name="test2.DemoTest2" time="0.002" errors="0" timestamp="2022-01-17T02:40:09 EST" skipped="0">
  <testcase classname="test2.DemoTest2" name="testX" time="0.002"/>
  <system-out/>
  <testcase classname="test2.DemoTest2" name="testZ" time="0.000"/>
  <system-out/>
  <testcase classname="test2.DemoTest2" name="testY" time="0.000"/>
  <system-out/>
</testsuite> <!-- test2.DemoTest2 -->
